Using pre-set license
Built from '2020.3/release' branch; Version is '2020.3.12f1 (b3b2c6512326) revision 11776710'; Using compiler version '192528614'; Build Type 'Release'
OS: 'Windows 10 Home; OS build 19044.1826; Version 2009; 64bit' Language: 'ko' Physical Memory: 16251 MB
BatchMode: 1, IsHumanControllingUs: 0, StartBugReporterOnCrash: 0, Is64bit: 1, IsPro: 0

 COMMAND LINE ARGUMENTS:
C:\Program Files\Unity\Hub\Editor\2020.3.12f1\Editor\Unity.exe
-adb2
-batchMode
-noUpm
-name
AssetImportWorker0
-projectPath
C:/Jung/GitHub/MyShaderZone/06ShaderStudy
-logFile
Logs/AssetImportWorker0.log
-srvPort
60580
Successfully changed project path to: C:/Jung/GitHub/MyShaderZone/06ShaderStudy
C:/Jung/GitHub/MyShaderZone/06ShaderStudy
Using Asset Import Pipeline V2.
Refreshing native plugins compatible for Editor in 105.69 ms, found 2 plugins.
Preloading 0 native plugins for Editor in 0.00 ms.
Initialize engine version: 2020.3.12f1 (b3b2c6512326)
[Subsystems] Discovering subsystems at path C:/Program Files/Unity/Hub/Editor/2020.3.12f1/Editor/Data/Resources/UnitySubsystems
[Subsystems] Discovering subsystems at path C:/Jung/GitHub/MyShaderZone/06ShaderStudy/Assets
GfxDevice: creating device client; threaded=0
Direct3D:
    Version:  Direct3D 11.0 [level 11.1]
    Renderer: NVIDIA GeForce GTX 1660 SUPER (ID=0x21c4)
    Vendor:   
    VRAM:     5992 MB
    Driver:   31.0.15.1659
Initialize mono
Mono path[0] = 'C:/Program Files/Unity/Hub/Editor/2020.3.12f1/Editor/Data/Managed'
Mono path[1] = 'C:/Program Files/Unity/Hub/Editor/2020.3.12f1/Editor/Data/MonoBleedingEdge/lib/mono/unityjit'
Mono config path = 'C:/Program Files/Unity/Hub/Editor/2020.3.12f1/Editor/Data/MonoBleedingEdge/etc'
Using monoOptions --debugger-agent=transport=dt_socket,embedding=1,server=y,suspend=n,address=127.0.0.1:56192
Begin MonoManager ReloadAssembly
Registering precompiled unity dll's ...
Register platform support module: C:/Program Files/Unity/Hub/Editor/2020.3.12f1/Editor/Data/PlaybackEngines/WindowsStandaloneSupport/UnityEditor.WindowsStandalone.Extensions.dll
Registered in 0.113476 seconds.
Native extension for WindowsStandalone target not found
Refreshing native plugins compatible for Editor in 32.19 ms, found 2 plugins.
Preloading 0 native plugins for Editor in 0.00 ms.
Mono: successfully reloaded assembly
- Completed reload, in  4.414 seconds
Platform modules already initialized, skipping
Registering precompiled user dll's ...
Registered in 0.433564 seconds.
Begin MonoManager ReloadAssembly
Native extension for WindowsStandalone target not found
Refreshing native plugins compatible for Editor in 0.35 ms, found 2 plugins.
Preloading 0 native plugins for Editor in 0.00 ms.
Mono: successfully reloaded assembly
- Completed reload, in  3.145 seconds
Platform modules already initialized, skipping
========================================================================
Worker process is ready to serve import requests
Launched and connected shader compiler UnityShaderCompiler.exe after 0.06 seconds
Refreshing native plugins compatible for Editor in 0.58 ms, found 2 plugins.
Preloading 0 native plugins for Editor in 0.00 ms.
Unloading 1780 Unused Serialized files (Serialized files now loaded: 0)
System memory in use before: 107.0 MB.
System memory in use after: 106.7 MB.

Unloading 21 unused Assets to reduce memory usage. Loaded Objects now: 2222.
Total: 1.866800 ms (FindLiveObjects: 0.140500 ms CreateObjectMapping: 0.052200 ms MarkObjects: 1.383400 ms  DeleteObjects: 0.289500 ms)

AssetImportParameters requested are different than current active one (requested -> active):
  custom:framework-win-MediaFoundation: 216162199b28c13a410421893ffa2e32 -> 
  custom:video-decoder-ogg-theora: a1e56fd34408186e4bbccfd4996cb3dc -> 
  custom:container-muxer-webm: aa71ff27fc2769a1b78a27578f13a17b -> 
  custom:container-demuxer-webm: 4f35f7cbe854078d1ac9338744f61a02 -> 
  custom:container-demuxer-ogg: 62fdf1f143b41e24485cea50d1cbac27 -> 
  custom:video-encoder-webm-vp8: eb34c28f22e8b96e1ab97ce403110664 -> 
  custom:video-decoder-webm-vp8: 9c59270c3fd7afecdb556c50c9e8de78 -> 
  custom:audio-decoder-ogg-vorbis: bf7c407c2cedff20999df2af8eb42d56 -> 
  custom:audio-encoder-webm-vorbis: bf7c407c2cedff20999df2af8eb42d56 -> 
========================================================================
Received Import Request.
  path: Assets/ComponyCharacter/Textures/Female_01_Acc_AlbedoTransparency.png
  artifactKey: Guid(31d30f54ae2f95f4b82a33ed84458cf2) Importer(815301076,1909f56bfc062723c751e8b465ee728b)
Start importing Assets/ComponyCharacter/Textures/Female_01_Acc_AlbedoTransparency.png using Guid(31d30f54ae2f95f4b82a33ed84458cf2) Importer(815301076,1909f56bfc062723c751e8b465ee728b)  -> (artifact id: '645e641fe702c1e779503997662d684f') in 0.050976 seconds 
  Import took 0.053618 seconds .

========================================================================
Received Import Request.
  Time since last request: 0.000181 seconds.
  path: Assets/Male Peasant Pack Cute Series/Standard Assets Files/Textures/Face Male 02 Brown.psd
  artifactKey: Guid(856c3f682935ee4498565739ddbbb97b) Importer(815301076,1909f56bfc062723c751e8b465ee728b)
Start importing Assets/Male Peasant Pack Cute Series/Standard Assets Files/Textures/Face Male 02 Brown.psd using Guid(856c3f682935ee4498565739ddbbb97b) Importer(815301076,1909f56bfc062723c751e8b465ee728b)  -> (artifact id: 'a0367ca42479911c49f60b2e4461dbd5') in 0.014169 seconds 
  Import took 0.016629 seconds .

========================================================================
Received Import Request.
  Time since last request: 0.000191 seconds.
  path: Assets/Male Peasant Pack Cute Series/Standard Assets Files/Textures/Face Male 03 Black.psd
  artifactKey: Guid(52324f44c8fa94a4e8e93214644616fc) Importer(815301076,1909f56bfc062723c751e8b465ee728b)
Start importing Assets/Male Peasant Pack Cute Series/Standard Assets Files/Textures/Face Male 03 Black.psd using Guid(52324f44c8fa94a4e8e93214644616fc) Importer(815301076,1909f56bfc062723c751e8b465ee728b)  -> (artifact id: 'd58c58582416f2f535ef335771479f18') in 0.012847 seconds 
  Import took 0.015251 seconds .

========================================================================
Received Import Request.
  Time since last request: 0.000167 seconds.
  path: Assets/Male Peasant Pack Cute Series/Standard Assets Files/Textures/Fair Nature.psd
  artifactKey: Guid(f9dcb94833b77f242bb596fa67bca1aa) Importer(815301076,1909f56bfc062723c751e8b465ee728b)
Start importing Assets/Male Peasant Pack Cute Series/Standard Assets Files/Textures/Fair Nature.psd using Guid(f9dcb94833b77f242bb596fa67bca1aa) Importer(815301076,1909f56bfc062723c751e8b465ee728b)  -> (artifact id: '1a42fcee56e926fccd1160454e10cbff') in 0.012235 seconds 
  Import took 0.014789 seconds .

========================================================================
Received Import Request.
  Time since last request: 0.000205 seconds.
  path: Assets/Male Peasant Pack Cute Series/Standard Assets Files/Textures/Face Male 01 Grey.psd
  artifactKey: Guid(1dcb44fc3fa29a349a952bc75a65983b) Importer(815301076,1909f56bfc062723c751e8b465ee728b)
Start importing Assets/Male Peasant Pack Cute Series/Standard Assets Files/Textures/Face Male 01 Grey.psd using Guid(1dcb44fc3fa29a349a952bc75a65983b) Importer(815301076,1909f56bfc062723c751e8b465ee728b)  -> (artifact id: 'bd7764acb713c999f9b06d2663f08a74') in 0.012296 seconds 
  Import took 0.014821 seconds .

========================================================================
Received Import Request.
  Time since last request: 0.000169 seconds.
  path: Assets/Male Peasant Pack Cute Series/Standard Assets Files/Textures/Face Male 02 Grey.psd
  artifactKey: Guid(8f3b7ef7428c9b74da80dfe5d278fffe) Importer(815301076,1909f56bfc062723c751e8b465ee728b)
Start importing Assets/Male Peasant Pack Cute Series/Standard Assets Files/Textures/Face Male 02 Grey.psd using Guid(8f3b7ef7428c9b74da80dfe5d278fffe) Importer(815301076,1909f56bfc062723c751e8b465ee728b)  -> (artifact id: 'd0a3b9bbd81edcbe4992ce34ac7140e5') in 0.012060 seconds 
  Import took 0.014624 seconds .

========================================================================
Received Import Request.
  Time since last request: 0.000177 seconds.
  path: Assets/Male Peasant Pack Cute Series/Standard Assets Files/Textures/Fair Dark.psd
  artifactKey: Guid(4f5dd95fcef233242988b4f8407c5312) Importer(815301076,1909f56bfc062723c751e8b465ee728b)
Start importing Assets/Male Peasant Pack Cute Series/Standard Assets Files/Textures/Fair Dark.psd using Guid(4f5dd95fcef233242988b4f8407c5312) Importer(815301076,1909f56bfc062723c751e8b465ee728b)  -> (artifact id: 'c0c655c5b28941ae4d7053e9cd000dbd') in 0.012094 seconds 
  Import took 0.014489 seconds .

========================================================================
Received Import Request.
  Time since last request: 0.000223 seconds.
  path: Assets/Male Peasant Pack Cute Series/Standard Assets Files/Textures/Face Male 01 Brown.psd
  artifactKey: Guid(65f8c67cbb45a274380c27f99c7eb74c) Importer(815301076,1909f56bfc062723c751e8b465ee728b)
Start importing Assets/Male Peasant Pack Cute Series/Standard Assets Files/Textures/Face Male 01 Brown.psd using Guid(65f8c67cbb45a274380c27f99c7eb74c) Importer(815301076,1909f56bfc062723c751e8b465ee728b)  -> (artifact id: 'c7384eaa7d57805a9b294edf893183dc') in 0.011263 seconds 
  Import took 0.013830 seconds .

========================================================================
Received Import Request.
  Time since last request: 0.000177 seconds.
  path: Assets/Male Peasant Pack Cute Series/Standard Assets Files/Textures/Face Male 01 Black.psd
  artifactKey: Guid(5b8b426e4f7e30744a74c02b1e5c343d) Importer(815301076,1909f56bfc062723c751e8b465ee728b)
Start importing Assets/Male Peasant Pack Cute Series/Standard Assets Files/Textures/Face Male 01 Black.psd using Guid(5b8b426e4f7e30744a74c02b1e5c343d) Importer(815301076,1909f56bfc062723c751e8b465ee728b)  -> (artifact id: 'ca4310b54744d5815f5c14452e9d8e4a') in 0.011194 seconds 
  Import took 0.013514 seconds .

========================================================================
Received Import Request.
  Time since last request: 0.000140 seconds.
  path: Assets/ComponyCharacter/Textures/Female_01_Shoes_AlbedoTransparency.png
  artifactKey: Guid(41f4853c3e8ab5e4c963a6154ddc5a0a) Importer(815301076,1909f56bfc062723c751e8b465ee728b)
Start importing Assets/ComponyCharacter/Textures/Female_01_Shoes_AlbedoTransparency.png using Guid(41f4853c3e8ab5e4c963a6154ddc5a0a) Importer(815301076,1909f56bfc062723c751e8b465ee728b)  -> (artifact id: '88485067457bf23dddc1dd15d0e28904') in 0.012228 seconds 
  Import took 0.014599 seconds .

========================================================================
Received Import Request.
  Time since last request: 0.000170 seconds.
  path: Assets/Male Peasant Pack Cute Series/Standard Assets Files/Textures/Fair Aqua.psd
  artifactKey: Guid(12cc2fcb1e5105542819f46af6a76675) Importer(815301076,1909f56bfc062723c751e8b465ee728b)
Start importing Assets/Male Peasant Pack Cute Series/Standard Assets Files/Textures/Fair Aqua.psd using Guid(12cc2fcb1e5105542819f46af6a76675) Importer(815301076,1909f56bfc062723c751e8b465ee728b)  -> (artifact id: '1ebfb273c42b0a7e3339657320135a27') in 0.011890 seconds 
  Import took 0.014264 seconds .

========================================================================
Received Import Request.
  Time since last request: 0.000174 seconds.
  path: Assets/Male Peasant Pack Cute Series/Addon Textures Pack 01/Fair Bark.psd
  artifactKey: Guid(ee4b4e0e3462aca469a02d30d44a58e4) Importer(815301076,1909f56bfc062723c751e8b465ee728b)
Start importing Assets/Male Peasant Pack Cute Series/Addon Textures Pack 01/Fair Bark.psd using Guid(ee4b4e0e3462aca469a02d30d44a58e4) Importer(815301076,1909f56bfc062723c751e8b465ee728b)  -> (artifact id: '629ebf7b11d8740eff7e23fe7aae4f74') in 0.013351 seconds 
  Import took 0.015741 seconds .

========================================================================
Received Import Request.
  Time since last request: 0.000146 seconds.
  path: Assets/Robot Kyle/Textures/Robot_Color.tga
  artifactKey: Guid(0a0e8af2869fa45f78e25460db578482) Importer(815301076,1909f56bfc062723c751e8b465ee728b)
Start importing Assets/Robot Kyle/Textures/Robot_Color.tga using Guid(0a0e8af2869fa45f78e25460db578482) Importer(815301076,1909f56bfc062723c751e8b465ee728b)  -> (artifact id: '7348c4927986921a086983f5a6cbbf96') in 0.009280 seconds 
  Import took 0.011803 seconds .

========================================================================
Received Import Request.
  Time since last request: 0.000152 seconds.
  path: Assets/ComponyCharacter/Textures/Female_01_Bottom_MetallicSmoothness.png
  artifactKey: Guid(301b36429ebd2d243b4306b0177d335f) Importer(815301076,1909f56bfc062723c751e8b465ee728b)
Start importing Assets/ComponyCharacter/Textures/Female_01_Bottom_MetallicSmoothness.png using Guid(301b36429ebd2d243b4306b0177d335f) Importer(815301076,1909f56bfc062723c751e8b465ee728b)  -> (artifact id: '1f89f416f93472d22454406a4d3eec10') in 0.020862 seconds 
  Import took 0.023560 seconds .

========================================================================
Received Import Request.
  Time since last request: 0.000138 seconds.
  path: Assets/ComponyCharacter/Textures/Female_01_Hair.png
  artifactKey: Guid(610f3de9d9c484d49bb9a9862b0ce367) Importer(815301076,1909f56bfc062723c751e8b465ee728b)
Start importing Assets/ComponyCharacter/Textures/Female_01_Hair.png using Guid(610f3de9d9c484d49bb9a9862b0ce367) Importer(815301076,1909f56bfc062723c751e8b465ee728b)  -> (artifact id: 'ddc728ecc45422d97e776ca5c9004517') in 0.013699 seconds 
  Import took 0.016026 seconds .

========================================================================
Received Import Request.
  Time since last request: 0.000148 seconds.
  path: Assets/Robot Kyle/Textures/Robot_Normal.tga
  artifactKey: Guid(94c473c9137744d7eabd829f1150da8d) Importer(815301076,1909f56bfc062723c751e8b465ee728b)
Start importing Assets/Robot Kyle/Textures/Robot_Normal.tga using Guid(94c473c9137744d7eabd829f1150da8d) Importer(815301076,1909f56bfc062723c751e8b465ee728b)  -> (artifact id: 'a92f3c7d43e7877d24782cc6f200cdac') in 0.025594 seconds 
  Import took 0.028054 seconds .

========================================================================
Received Import Request.
  Time since last request: 0.000153 seconds.
  path: Assets/Male Peasant Pack Cute Series/Standard Assets Files/Textures/Face Male 02 Orange.psd
  artifactKey: Guid(c9633cf78b7462946b446fa3a71ed3d7) Importer(815301076,1909f56bfc062723c751e8b465ee728b)
Start importing Assets/Male Peasant Pack Cute Series/Standard Assets Files/Textures/Face Male 02 Orange.psd using Guid(c9633cf78b7462946b446fa3a71ed3d7) Importer(815301076,1909f56bfc062723c751e8b465ee728b)  -> (artifact id: '3f6df24a735fa743827014e86712048e') in 0.012030 seconds 
  Import took 0.014490 seconds .

========================================================================
Received Import Request.
  Time since last request: 0.000164 seconds.
  path: Assets/Male Peasant Pack Cute Series/Standard Assets Files/Textures/Face Male 03 Grey.psd
  artifactKey: Guid(0fb34d667931c0140b9af9b2ea8052d2) Importer(815301076,1909f56bfc062723c751e8b465ee728b)
Start importing Assets/Male Peasant Pack Cute Series/Standard Assets Files/Textures/Face Male 03 Grey.psd using Guid(0fb34d667931c0140b9af9b2ea8052d2) Importer(815301076,1909f56bfc062723c751e8b465ee728b)  -> (artifact id: '11cc1b7817c9ad7985ced1479c34442d') in 0.011928 seconds 
  Import took 0.015027 seconds .

========================================================================
Received Import Request.
  Time since last request: 0.000138 seconds.
  path: Assets/Male Peasant Pack Cute Series/Standard Assets Files/Textures/Face Male 03 Blonde.psd
  artifactKey: Guid(46941359eb123f04db1b0b7492f97a03) Importer(815301076,1909f56bfc062723c751e8b465ee728b)
Start importing Assets/Male Peasant Pack Cute Series/Standard Assets Files/Textures/Face Male 03 Blonde.psd using Guid(46941359eb123f04db1b0b7492f97a03) Importer(815301076,1909f56bfc062723c751e8b465ee728b)  -> (artifact id: 'a9b354b3ac750149147e5c1deaea4e2c') in 0.011382 seconds 
  Import took 0.014036 seconds .

========================================================================
Received Import Request.
  Time since last request: 0.000203 seconds.
  path: Assets/Male Peasant Pack Cute Series/Standard Assets Files/Textures/Fair Fire.psd
  artifactKey: Guid(88e166531e161164e9ed91b7b35cdb93) Importer(815301076,1909f56bfc062723c751e8b465ee728b)
Start importing Assets/Male Peasant Pack Cute Series/Standard Assets Files/Textures/Fair Fire.psd using Guid(88e166531e161164e9ed91b7b35cdb93) Importer(815301076,1909f56bfc062723c751e8b465ee728b)  -> (artifact id: '057743475c4762d463d5e06897bb1037') in 0.013749 seconds 
  Import took 0.016565 seconds .

========================================================================
Received Import Request.
  Time since last request: 0.000200 seconds.
  path: Assets/ComponyCharacter/Textures/Female_01_Bottom_Normal.png
  artifactKey: Guid(7ad6cd82b9a83b04f961317fbadbc9b0) Importer(815301076,1909f56bfc062723c751e8b465ee728b)
Start importing Assets/ComponyCharacter/Textures/Female_01_Bottom_Normal.png using Guid(7ad6cd82b9a83b04f961317fbadbc9b0) Importer(815301076,1909f56bfc062723c751e8b465ee728b)  -> (artifact id: 'a7de514b3e5116ce9e25512074a0a244') in 0.014273 seconds 
  Import took 0.016583 seconds .

========================================================================
Received Import Request.
  Time since last request: 0.000137 seconds.
  path: Assets/ComponyCharacter/Textures/Female_01_Top_AlbedoTransparency(Normal).png
  artifactKey: Guid(5c09ce87658463643b041f123b5072d8) Importer(815301076,1909f56bfc062723c751e8b465ee728b)
Start importing Assets/ComponyCharacter/Textures/Female_01_Top_AlbedoTransparency(Normal).png using Guid(5c09ce87658463643b041f123b5072d8) Importer(815301076,1909f56bfc062723c751e8b465ee728b)  -> (artifact id: 'bf6ef09d5f1c90acf98df33b671ada88') in 0.016151 seconds 
  Import took 0.018529 seconds .

========================================================================
Received Import Request.
  Time since last request: 0.000143 seconds.
  path: Assets/Male Peasant Pack Cute Series/Standard Assets Files/Textures/Face Male 02 Blonde.psd
  artifactKey: Guid(2be79e4465ceb514794cc7014ebb7e08) Importer(815301076,1909f56bfc062723c751e8b465ee728b)
Start importing Assets/Male Peasant Pack Cute Series/Standard Assets Files/Textures/Face Male 02 Blonde.psd using Guid(2be79e4465ceb514794cc7014ebb7e08) Importer(815301076,1909f56bfc062723c751e8b465ee728b)  -> (artifact id: 'e83b33744edb0cbe8bf1c3cfe09fe1d4') in 0.010787 seconds 
  Import took 0.013300 seconds .

========================================================================
Received Import Request.
  Time since last request: 0.000157 seconds.
  path: Assets/Male Peasant Pack Cute Series/Standard Assets Files/Textures/Face Male 01 Blonde.psd
  artifactKey: Guid(a470ee1f65eaaa846b14242e8741d2f8) Importer(815301076,1909f56bfc062723c751e8b465ee728b)
Start importing Assets/Male Peasant Pack Cute Series/Standard Assets Files/Textures/Face Male 01 Blonde.psd using Guid(a470ee1f65eaaa846b14242e8741d2f8) Importer(815301076,1909f56bfc062723c751e8b465ee728b)  -> (artifact id: 'e43ae1eb00a92630a61b1d054e0b93c5') in 0.011609 seconds 
  Import took 0.013989 seconds .

========================================================================
Received Import Request.
  Time since last request: 0.000183 seconds.
  path: Assets/Male Peasant Pack Cute Series/Standard Assets Files/Textures/Face Male 02 Black.psd
  artifactKey: Guid(3378566dbeb6a9c48b00a8a2f780c4cc) Importer(815301076,1909f56bfc062723c751e8b465ee728b)
Start importing Assets/Male Peasant Pack Cute Series/Standard Assets Files/Textures/Face Male 02 Black.psd using Guid(3378566dbeb6a9c48b00a8a2f780c4cc) Importer(815301076,1909f56bfc062723c751e8b465ee728b)  -> (artifact id: 'd760b9d9616a71d2f0ba609f4354d9ac') in 0.011504 seconds 
  Import took 0.014034 seconds .

========================================================================
Received Import Request.
  Time since last request: 0.000200 seconds.
  path: Assets/Male Peasant Pack Cute Series/Standard Assets Files/Textures/Face Male 01 Orange.psd
  artifactKey: Guid(6d24b044cdc0395408b5c32d28102ab6) Importer(815301076,1909f56bfc062723c751e8b465ee728b)
Start importing Assets/Male Peasant Pack Cute Series/Standard Assets Files/Textures/Face Male 01 Orange.psd using Guid(6d24b044cdc0395408b5c32d28102ab6) Importer(815301076,1909f56bfc062723c751e8b465ee728b)  -> (artifact id: '65e43f0b7acb2b579d3890aaf9f3a8ae') in 0.011307 seconds 
  Import took 0.013777 seconds .

========================================================================
Received Import Request.
  Time since last request: 0.000180 seconds.
  path: Assets/ComponyCharacter/Textures/Female_01_Bottom_AlbedoTransparency.png
  artifactKey: Guid(d408f36e2aa756c46ab29ede950113e3) Importer(815301076,1909f56bfc062723c751e8b465ee728b)
Start importing Assets/ComponyCharacter/Textures/Female_01_Bottom_AlbedoTransparency.png using Guid(d408f36e2aa756c46ab29ede950113e3) Importer(815301076,1909f56bfc062723c751e8b465ee728b)  -> (artifact id: 'b3e849bca1808b5ea0de2616fce884eb') in 0.013030 seconds 
  Import took 0.015627 seconds .

========================================================================
Received Import Request.
  Time since last request: 0.000187 seconds.
  path: Assets/Male Peasant Pack Cute Series/Standard Assets Files/Textures/Face Male 03 Brown.psd
  artifactKey: Guid(79bf1966598360c439a027225bf58182) Importer(815301076,1909f56bfc062723c751e8b465ee728b)
Start importing Assets/Male Peasant Pack Cute Series/Standard Assets Files/Textures/Face Male 03 Brown.psd using Guid(79bf1966598360c439a027225bf58182) Importer(815301076,1909f56bfc062723c751e8b465ee728b)  -> (artifact id: '1225567dcd77a3d4e22a1af1b281fbc4') in 0.011631 seconds 
  Import took 0.014065 seconds .

========================================================================
Received Import Request.
  Time since last request: 0.000160 seconds.
  path: Assets/Male Peasant Pack Cute Series/Standard Assets Files/Textures/Face Male 03 Orange.psd
  artifactKey: Guid(9b6ac32f7b225c74fb635d606b8e68c8) Importer(815301076,1909f56bfc062723c751e8b465ee728b)
Start importing Assets/Male Peasant Pack Cute Series/Standard Assets Files/Textures/Face Male 03 Orange.psd using Guid(9b6ac32f7b225c74fb635d606b8e68c8) Importer(815301076,1909f56bfc062723c751e8b465ee728b)  -> (artifact id: '5bdae3b9b22be6353eeda483661a5cc9') in 0.010925 seconds 
  Import took 0.013746 seconds .

========================================================================
Received Import Request.
  Time since last request: 0.000144 seconds.
  path: Assets/ComponyCharacter/Textures/Female_01_Top_AlbedoTransparency.png
  artifactKey: Guid(4de7bd6e0b44778489b60282ba4dd495) Importer(815301076,1909f56bfc062723c751e8b465ee728b)
Start importing Assets/ComponyCharacter/Textures/Female_01_Top_AlbedoTransparency.png using Guid(4de7bd6e0b44778489b60282ba4dd495) Importer(815301076,1909f56bfc062723c751e8b465ee728b)  -> (artifact id: 'f2273d875919aeccb876e4b5e8eafa3e') in 0.013093 seconds 
  Import took 0.015595 seconds .

========================================================================
Received Import Request.
  Time since last request: 0.000158 seconds.
  path: Assets/Resources/BookResource/dot.tga
  artifactKey: Guid(8888852006a86614590c1da3fb0226ab) Importer(815301076,1909f56bfc062723c751e8b465ee728b)
Start importing Assets/Resources/BookResource/dot.tga using Guid(8888852006a86614590c1da3fb0226ab) Importer(815301076,1909f56bfc062723c751e8b465ee728b)  -> (artifact id: '095c8663127b867492510137a09579a9') in 0.011336 seconds 
  Import took 0.014254 seconds .

========================================================================
Received Import Request.
  Time since last request: 0.000224 seconds.
  path: Assets/ComponyCharacter/Textures/Body.png
  artifactKey: Guid(6d8db620214bd9a4ab649f97a01f25e0) Importer(815301076,1909f56bfc062723c751e8b465ee728b)
Start importing Assets/ComponyCharacter/Textures/Body.png using Guid(6d8db620214bd9a4ab649f97a01f25e0) Importer(815301076,1909f56bfc062723c751e8b465ee728b)  -> (artifact id: 'dd9de244892b2bd86c08fbd726d4e510') in 0.011783 seconds 
  Import took 0.014257 seconds .

========================================================================
Received Import Request.
  Time since last request: 0.000131 seconds.
  path: Assets/Resources/Wood/bark_brown_02_rough_4k.jpg
  artifactKey: Guid(95a2857a6e1afac449b5745fa92909c9) Importer(815301076,1909f56bfc062723c751e8b465ee728b)
Start importing Assets/Resources/Wood/bark_brown_02_rough_4k.jpg using Guid(95a2857a6e1afac449b5745fa92909c9) Importer(815301076,1909f56bfc062723c751e8b465ee728b)  -> (artifact id: 'c3e885e9028caf29f881e6bc45692a0c') in 0.015196 seconds 
  Import took 0.017564 seconds .

========================================================================
Received Import Request.
  Time since last request: 0.000141 seconds.
  path: Assets/ComponyCharacter/Textures/Female_01_Acc_MetallicSmoothness.png
  artifactKey: Guid(b225db6ec9e76af409192fa152ccdd8c) Importer(815301076,1909f56bfc062723c751e8b465ee728b)
Start importing Assets/ComponyCharacter/Textures/Female_01_Acc_MetallicSmoothness.png using Guid(b225db6ec9e76af409192fa152ccdd8c) Importer(815301076,1909f56bfc062723c751e8b465ee728b)  -> (artifact id: 'c4bd01c379e0e2878e634d75067d7a4f') in 0.011746 seconds 
  Import took 0.014055 seconds .

========================================================================
Received Import Request.
  Time since last request: 777.419659 seconds.
  path: Assets/Male Peasant Pack Cute Series
  artifactKey: Guid(20ad080bf1c68f24294992d3667e6918) Importer(815301076,1909f56bfc062723c751e8b465ee728b)
Start importing Assets/Male Peasant Pack Cute Series using Guid(20ad080bf1c68f24294992d3667e6918) Importer(815301076,1909f56bfc062723c751e8b465ee728b)  -> (artifact id: 'aa33be48d7d89f17af6322d8aef73eb8') in 0.005468 seconds 
  Import took 0.009105 seconds .

========================================================================
Received Import Request.
  Time since last request: 0.227579 seconds.
  path: Assets/ComponyCharacter
  artifactKey: Guid(a788a9a36491d3f4a876be060f56d1fa) Importer(815301076,1909f56bfc062723c751e8b465ee728b)
Start importing Assets/ComponyCharacter using Guid(a788a9a36491d3f4a876be060f56d1fa) Importer(815301076,1909f56bfc062723c751e8b465ee728b)  -> (artifact id: '5b393146a893088c4f8f74e40981b6d4') in 0.006995 seconds 
  Import took 0.009534 seconds .

========================================================================
Received Import Request.
  Time since last request: 1.421920 seconds.
  path: Assets/Polybrush Data
  artifactKey: Guid(225125c5c06f1964cb3225e1242c86b6) Importer(815301076,1909f56bfc062723c751e8b465ee728b)
Start importing Assets/Polybrush Data using Guid(225125c5c06f1964cb3225e1242c86b6) Importer(815301076,1909f56bfc062723c751e8b465ee728b)  -> (artifact id: 'bf47c77156bfe2b73d85542ad474de3a') in 0.005695 seconds 
  Import took 0.008282 seconds .

========================================================================
Received Import Request.
  Time since last request: 0.255598 seconds.
  path: Assets/Resources
  artifactKey: Guid(b633ce973a96b3c408eef47a6796293b) Importer(815301076,1909f56bfc062723c751e8b465ee728b)
Start importing Assets/Resources using Guid(b633ce973a96b3c408eef47a6796293b) Importer(815301076,1909f56bfc062723c751e8b465ee728b)  -> (artifact id: '9f284971b7eda6dfdf21883e28ff205a') in 0.005726 seconds 
  Import took 0.008471 seconds .

========================================================================
Received Import Request.
  Time since last request: 0.000862 seconds.
  path: Assets/Resources
  artifactKey: Guid(b633ce973a96b3c408eef47a6796293b) Importer(815301076,1909f56bfc062723c751e8b465ee728b)
Start importing Assets/Resources using Guid(b633ce973a96b3c408eef47a6796293b) Importer(815301076,1909f56bfc062723c751e8b465ee728b)  -> (artifact id: '9f284971b7eda6dfdf21883e28ff205a') in 0.001840 seconds 
  Import took 0.004248 seconds .

========================================================================
Received Import Request.
  Time since last request: 7.305273 seconds.
  path: Assets/Robot Kyle/Textures/Robot_Color 1.tga
  artifactKey: Guid(b9fc3b444bf886f40951179432b2fa77) Importer(815301076,1909f56bfc062723c751e8b465ee728b)
Start importing Assets/Robot Kyle/Textures/Robot_Color 1.tga using Guid(b9fc3b444bf886f40951179432b2fa77) Importer(815301076,1909f56bfc062723c751e8b465ee728b)  -> (artifact id: '239a9ca87e08f591d1bcc73a933c546f') in 0.021653 seconds 
  Import took 0.024129 seconds .

========================================================================
Received Import Request.
  Time since last request: 13.821810 seconds.
  path: Assets/Robot Kyle/Textures/Robot_Color 1.tga
  artifactKey: Guid(b9fc3b444bf886f40951179432b2fa77) Importer(815301076,1909f56bfc062723c751e8b465ee728b)
Start importing Assets/Robot Kyle/Textures/Robot_Color 1.tga using Guid(b9fc3b444bf886f40951179432b2fa77) Importer(815301076,1909f56bfc062723c751e8b465ee728b)  -> (artifact id: 'd593bf2d080a6edd0657dd6d6cd3f95c') in 0.008924 seconds 
  Import took 0.011495 seconds .

========================================================================
Received Import Request.
  Time since last request: 8.888099 seconds.
  path: Assets/Robot Kyle/Textures/Robot_Color 1.tga
  artifactKey: Guid(b9fc3b444bf886f40951179432b2fa77) Importer(815301076,1909f56bfc062723c751e8b465ee728b)
Start importing Assets/Robot Kyle/Textures/Robot_Color 1.tga using Guid(b9fc3b444bf886f40951179432b2fa77) Importer(815301076,1909f56bfc062723c751e8b465ee728b)  -> (artifact id: '6f7fe44c17e136fa8a8d43cacd9ac011') in 0.010857 seconds 
  Import took 0.013305 seconds .

========================================================================
Received Import Request.
  Time since last request: 3.280727 seconds.
  path: Assets/Robot Kyle/Textures/Robot_Color 1.tga
  artifactKey: Guid(b9fc3b444bf886f40951179432b2fa77) Importer(815301076,1909f56bfc062723c751e8b465ee728b)
Start importing Assets/Robot Kyle/Textures/Robot_Color 1.tga using Guid(b9fc3b444bf886f40951179432b2fa77) Importer(815301076,1909f56bfc062723c751e8b465ee728b)  -> (artifact id: 'af64a9858ec9ad552ee2a84e7ab84f89') in 0.012103 seconds 
  Import took 0.014569 seconds .

========================================================================
Received Import Request.
  Time since last request: 2.433628 seconds.
  path: Assets/Robot Kyle/Textures/Robot_Color 1.tga
  artifactKey: Guid(b9fc3b444bf886f40951179432b2fa77) Importer(815301076,1909f56bfc062723c751e8b465ee728b)
Start importing Assets/Robot Kyle/Textures/Robot_Color 1.tga using Guid(b9fc3b444bf886f40951179432b2fa77) Importer(815301076,1909f56bfc062723c751e8b465ee728b)  -> (artifact id: '40e006ec7968632ed3f30b02f6d913a7') in 0.014724 seconds 
  Import took 0.017277 seconds .

========================================================================
Received Import Request.
  Time since last request: 6.213704 seconds.
  path: Assets/Robot Kyle/Textures/Robot_Color 1.tga
  artifactKey: Guid(b9fc3b444bf886f40951179432b2fa77) Importer(815301076,1909f56bfc062723c751e8b465ee728b)
Start importing Assets/Robot Kyle/Textures/Robot_Color 1.tga using Guid(b9fc3b444bf886f40951179432b2fa77) Importer(815301076,1909f56bfc062723c751e8b465ee728b)  -> (artifact id: '4d3d10daea3380db77ce4796b2bbdc03') in 0.009768 seconds 
  Import took 0.012305 seconds .

========================================================================
Received Import Request.
  Time since last request: 2.667907 seconds.
  path: Assets/Robot Kyle/Textures/Robot_Color 1.tga
  artifactKey: Guid(b9fc3b444bf886f40951179432b2fa77) Importer(815301076,1909f56bfc062723c751e8b465ee728b)
Start importing Assets/Robot Kyle/Textures/Robot_Color 1.tga using Guid(b9fc3b444bf886f40951179432b2fa77) Importer(815301076,1909f56bfc062723c751e8b465ee728b)  -> (artifact id: 'b0e3d9e2497a4d15b981d0816ff76940') in 0.009026 seconds 
  Import took 0.011565 seconds .

========================================================================
Received Import Request.
  Time since last request: 125.268218 seconds.
  path: Assets/Robot Kyle/Textures/Robot_Color_MaskMap.tga
  artifactKey: Guid(70330884467b8f8499fa9bbd725ab477) Importer(815301076,1909f56bfc062723c751e8b465ee728b)
Start importing Assets/Robot Kyle/Textures/Robot_Color_MaskMap.tga using Guid(70330884467b8f8499fa9bbd725ab477) Importer(815301076,1909f56bfc062723c751e8b465ee728b)  -> (artifact id: 'fe1e32b11a284444496dc1d7c0c1fb16') in 0.012562 seconds 
  Import took 0.015002 seconds .

========================================================================
Received Import Request.
  Time since last request: 0.001074 seconds.
  path: Assets/Robot Kyle/Textures/Robot_Color_MaskMap.tga
  artifactKey: Guid(70330884467b8f8499fa9bbd725ab477) Importer(815301076,1909f56bfc062723c751e8b465ee728b)
Start importing Assets/Robot Kyle/Textures/Robot_Color_MaskMap.tga using Guid(70330884467b8f8499fa9bbd725ab477) Importer(815301076,1909f56bfc062723c751e8b465ee728b)  -> (artifact id: 'fe1e32b11a284444496dc1d7c0c1fb16') in 0.017242 seconds 
  Import took 0.019645 seconds .

========================================================================
Received Import Request.
  Time since last request: 1471.276980 seconds.
  path: Assets/New Post-processing Profile.asset
  artifactKey: Guid(ffacc4c95df20714eb34345b18c6228f) Importer(815301076,1909f56bfc062723c751e8b465ee728b)
Start importing Assets/New Post-processing Profile.asset using Guid(ffacc4c95df20714eb34345b18c6228f) Importer(815301076,1909f56bfc062723c751e8b465ee728b)  -> (artifact id: '0ba485b41452f3b68932816491c56794') in 0.008349 seconds 
  Import took 0.011439 seconds .

========================================================================
Received Import Request.
  Time since last request: 0.000617 seconds.
  path: Assets/New Post-processing Profile.asset
  artifactKey: Guid(ffacc4c95df20714eb34345b18c6228f) Importer(815301076,1909f56bfc062723c751e8b465ee728b)
Start importing Assets/New Post-processing Profile.asset using Guid(ffacc4c95df20714eb34345b18c6228f) Importer(815301076,1909f56bfc062723c751e8b465ee728b)  -> (artifact id: '0ba485b41452f3b68932816491c56794') in 0.002383 seconds 
  Import took 0.004963 seconds .

========================================================================
Received Import Request.
  Time since last request: 6.111352 seconds.
  path: Assets/Scenes/ZBuffer.unity
  artifactKey: Guid(beef7cca8b3565f49a0d04cf6b18bbc0) Importer(815301076,1909f56bfc062723c751e8b465ee728b)
Start importing Assets/Scenes/ZBuffer.unity using Guid(beef7cca8b3565f49a0d04cf6b18bbc0) Importer(815301076,1909f56bfc062723c751e8b465ee728b)  -> (artifact id: '80de3028476d7e383e520a78c0b90d11') in 0.005583 seconds 
  Import took 0.008474 seconds .

========================================================================
Received Import Request.
  Time since last request: 18.760348 seconds.
  path: Assets/Shader/0629
  artifactKey: Guid(854b555d27689bb45b3306e7ae77cfa7) Importer(815301076,1909f56bfc062723c751e8b465ee728b)
Start importing Assets/Shader/0629 using Guid(854b555d27689bb45b3306e7ae77cfa7) Importer(815301076,1909f56bfc062723c751e8b465ee728b)  -> (artifact id: 'eea549e662a304e0d3fda0ad787d674e') in 0.005336 seconds 
  Import took 0.008202 seconds .

========================================================================
Received Import Request.
  Time since last request: 0.000413 seconds.
  path: Assets/Shader/0629
  artifactKey: Guid(854b555d27689bb45b3306e7ae77cfa7) Importer(815301076,1909f56bfc062723c751e8b465ee728b)
Start importing Assets/Shader/0629 using Guid(854b555d27689bb45b3306e7ae77cfa7) Importer(815301076,1909f56bfc062723c751e8b465ee728b)  -> (artifact id: 'eea549e662a304e0d3fda0ad787d674e') in 0.001801 seconds 
  Import took 0.004121 seconds .

========================================================================
Received Import Request.
  Time since last request: 3.359302 seconds.
  path: Assets/Materials/Color
  artifactKey: Guid(4d1caac4bf1c67540878864baf3ba34c) Importer(815301076,1909f56bfc062723c751e8b465ee728b)
Start importing Assets/Materials/Color using Guid(4d1caac4bf1c67540878864baf3ba34c) Importer(815301076,1909f56bfc062723c751e8b465ee728b)  -> (artifact id: '86a25270dc376a16ca9d0c72ea395742') in 0.007284 seconds 
  Import took 0.009804 seconds .

========================================================================
Received Import Request.
  Time since last request: 837.433464 seconds.
  path: Assets/Shader/0725/0725Depth.shader
  artifactKey: Guid(c86fa1526a6ae6b45a4c44da9ccee2d9) Importer(815301076,1909f56bfc062723c751e8b465ee728b)
Start importing Assets/Shader/0725/0725Depth.shader using Guid(c86fa1526a6ae6b45a4c44da9ccee2d9) Importer(815301076,1909f56bfc062723c751e8b465ee728b)  -> (artifact id: '9c75da79ff3d99b73a734ed37d761297') in 0.011324 seconds 
  Import took 0.015103 seconds .

========================================================================
Received Import Request.
  Time since last request: 1.071776 seconds.
  path: Assets/Shader/0725/0725Depth.shader
  artifactKey: Guid(c86fa1526a6ae6b45a4c44da9ccee2d9) Importer(815301076,1909f56bfc062723c751e8b465ee728b)
Start importing Assets/Shader/0725/0725Depth.shader using Guid(c86fa1526a6ae6b45a4c44da9ccee2d9) Importer(815301076,1909f56bfc062723c751e8b465ee728b)  -> (artifact id: '9c75da79ff3d99b73a734ed37d761297') in 0.003999 seconds 
  Import took 0.007307 seconds .

========================================================================
Received Import Request.
  Time since last request: 4882.305185 seconds.
  path: Assets/Scenes/AlphaBland.unity
  artifactKey: Guid(3426ba6c7cb77d74dbc72b4516cd4ddd) Importer(815301076,1909f56bfc062723c751e8b465ee728b)
Start importing Assets/Scenes/AlphaBland.unity using Guid(3426ba6c7cb77d74dbc72b4516cd4ddd) Importer(815301076,1909f56bfc062723c751e8b465ee728b)  -> (artifact id: '4983413f946ade8d64979aaa33e1c9b7') in 0.006238 seconds 
  Import took 0.009418 seconds .

========================================================================
Received Import Request.
  Time since last request: 7.740712 seconds.
  path: Assets/Scenes/ZBuffer.unity
  artifactKey: Guid(beef7cca8b3565f49a0d04cf6b18bbc0) Importer(815301076,1909f56bfc062723c751e8b465ee728b)
Start importing Assets/Scenes/ZBuffer.unity using Guid(beef7cca8b3565f49a0d04cf6b18bbc0) Importer(815301076,1909f56bfc062723c751e8b465ee728b)  -> (artifact id: '17f432dc63545b07ab66a27fc0b82404') in 0.002496 seconds 
  Import took 0.005292 seconds .

========================================================================
Received Import Request.
  Time since last request: 3.198132 seconds.
  path: Assets/Scenes/AlphaBlend.unity
  artifactKey: Guid(3426ba6c7cb77d74dbc72b4516cd4ddd) Importer(815301076,1909f56bfc062723c751e8b465ee728b)
Start importing Assets/Scenes/AlphaBlend.unity using Guid(3426ba6c7cb77d74dbc72b4516cd4ddd) Importer(815301076,1909f56bfc062723c751e8b465ee728b)  -> (artifact id: '08a421ebfde7c6e74a58ac8054a8149e') in 0.005269 seconds 
  Import took 0.007885 seconds .

========================================================================
Received Import Request.
  Time since last request: 15.038212 seconds.
  path: Assets/Shader/0725/0725AlphaBlend.shader
  artifactKey: Guid(bb60e2aeafd4a084ca507b7fde7abe0c) Importer(815301076,1909f56bfc062723c751e8b465ee728b)
Start importing Assets/Shader/0725/0725AlphaBlend.shader using Guid(bb60e2aeafd4a084ca507b7fde7abe0c) Importer(815301076,1909f56bfc062723c751e8b465ee728b)  -> (artifact id: '7d022f27bc69adccde1024f295c67b75') in 0.007784 seconds 
  Import took 0.011454 seconds .

========================================================================
Received Import Request.
  Time since last request: 48.005829 seconds.
  path: Assets/Shader/0725/0725AlphaBlend.shader
  artifactKey: Guid(bb60e2aeafd4a084ca507b7fde7abe0c) Importer(815301076,1909f56bfc062723c751e8b465ee728b)
Start importing Assets/Shader/0725/0725AlphaBlend.shader using Guid(bb60e2aeafd4a084ca507b7fde7abe0c) Importer(815301076,1909f56bfc062723c751e8b465ee728b)  -> (artifact id: '9d06c4053f7bdf1c126ad9f8a2a9a2d5') in 0.003011 seconds 
  Import took 0.006002 seconds .

========================================================================
Received Import Request.
  Time since last request: 67.709727 seconds.
  path: Assets/ComponyCharacter/Textures/Female_01_Shoes_MetallicSmoothness.png
  artifactKey: Guid(9f3b3743eb886624b9c6b67800933041) Importer(815301076,1909f56bfc062723c751e8b465ee728b)
Start importing Assets/ComponyCharacter/Textures/Female_01_Shoes_MetallicSmoothness.png using Guid(9f3b3743eb886624b9c6b67800933041) Importer(815301076,1909f56bfc062723c751e8b465ee728b)  -> (artifact id: 'd126e50dd1cc6944545969c7b6d29bcc') in 0.030167 seconds 
  Import took 0.033022 seconds .

========================================================================
Received Import Request.
  Time since last request: 0.000235 seconds.
  path: Assets/ComponyCharacter/Textures/Female_01_Top_MetallicSmoothness.png
  artifactKey: Guid(9ee2a3c3acba08742b622aa704e5ca32) Importer(815301076,1909f56bfc062723c751e8b465ee728b)
Start importing Assets/ComponyCharacter/Textures/Female_01_Top_MetallicSmoothness.png using Guid(9ee2a3c3acba08742b622aa704e5ca32) Importer(815301076,1909f56bfc062723c751e8b465ee728b)  -> (artifact id: '14b53ee9fc9adbfff3e306510b27642f') in 0.035839 seconds 
  Import took 0.038124 seconds .

========================================================================
Received Import Request.
  Time since last request: 4.211043 seconds.
  path: Assets/Male Peasant Pack Cute Series/Standard Assets Files/Textures/FX Aura.psd
  artifactKey: Guid(d13125be2f1789c4989370478d20fee0) Importer(815301076,1909f56bfc062723c751e8b465ee728b)
Start importing Assets/Male Peasant Pack Cute Series/Standard Assets Files/Textures/FX Aura.psd using Guid(d13125be2f1789c4989370478d20fee0) Importer(815301076,1909f56bfc062723c751e8b465ee728b)  -> (artifact id: 'b1ca136ba818605959efe3a8f4dcc1ed') in 0.014609 seconds 
  Import took 0.017417 seconds .

========================================================================
Received Import Request.
  Time since last request: 0.001746 seconds.
  path: Assets/Male Peasant Pack Cute Series/Standard Assets Files/Textures/FX Aura.psd
  artifactKey: Guid(d13125be2f1789c4989370478d20fee0) Importer(815301076,1909f56bfc062723c751e8b465ee728b)
Start importing Assets/Male Peasant Pack Cute Series/Standard Assets Files/Textures/FX Aura.psd using Guid(d13125be2f1789c4989370478d20fee0) Importer(815301076,1909f56bfc062723c751e8b465ee728b)  -> (artifact id: 'b1ca136ba818605959efe3a8f4dcc1ed') in 0.005390 seconds 
  Import took 0.008036 seconds .

========================================================================
Received Import Request.
  Time since last request: 0.078889 seconds.
  path: Assets/Male Peasant Pack Cute Series/Standard Assets Files/Textures/Hair Dark.psd
  artifactKey: Guid(0de9e396a30ebf346bedab6900cc4b15) Importer(815301076,1909f56bfc062723c751e8b465ee728b)
Start importing Assets/Male Peasant Pack Cute Series/Standard Assets Files/Textures/Hair Dark.psd using Guid(0de9e396a30ebf346bedab6900cc4b15) Importer(815301076,1909f56bfc062723c751e8b465ee728b)  -> (artifact id: 'b236e330233ce61028e62023bbf88571') in 0.011594 seconds 
  Import took 0.014430 seconds .

========================================================================
Received Import Request.
  Time since last request: 0.000248 seconds.
  path: Assets/Male Peasant Pack Cute Series/Standard Assets Files/Textures/Hair Light.psd
  artifactKey: Guid(adbdc4444c226aa42a01786a62b158fa) Importer(815301076,1909f56bfc062723c751e8b465ee728b)
Start importing Assets/Male Peasant Pack Cute Series/Standard Assets Files/Textures/Hair Light.psd using Guid(adbdc4444c226aa42a01786a62b158fa) Importer(815301076,1909f56bfc062723c751e8b465ee728b)  -> (artifact id: '01d9e66000fef4dcd9cb0992d960cf43') in 0.010916 seconds 
  Import took 0.013534 seconds .

========================================================================
Received Import Request.
  Time since last request: 0.000182 seconds.
  path: Assets/Male Peasant Pack Cute Series/Standard Assets Files/Textures/Hair Dark.psd
  artifactKey: Guid(0de9e396a30ebf346bedab6900cc4b15) Importer(815301076,1909f56bfc062723c751e8b465ee728b)
Start importing Assets/Male Peasant Pack Cute Series/Standard Assets Files/Textures/Hair Dark.psd using Guid(0de9e396a30ebf346bedab6900cc4b15) Importer(815301076,1909f56bfc062723c751e8b465ee728b)  -> (artifact id: 'b236e330233ce61028e62023bbf88571') in 0.004152 seconds 
  Import took 0.006619 seconds .

========================================================================
Received Import Request.
  Time since last request: 0.000199 seconds.
  path: Assets/ComponyCharacter/Textures/Male_01_Hair.png
  artifactKey: Guid(90f1a2047fead984596cf3f827e26d67) Importer(815301076,1909f56bfc062723c751e8b465ee728b)
Start importing Assets/ComponyCharacter/Textures/Male_01_Hair.png using Guid(90f1a2047fead984596cf3f827e26d67) Importer(815301076,1909f56bfc062723c751e8b465ee728b)  -> (artifact id: '182516ee155570a1113d9ecac7d4c362') in 0.012136 seconds 
  Import took 0.014871 seconds .

========================================================================
Received Import Request.
  Time since last request: 0.475525 seconds.
  path: Assets/SampleScenes/Menu/Sprites/MenuCornerTopRightSprite.png
  artifactKey: Guid(2b592d40fd47980478920e3ed65b0985) Importer(815301076,1909f56bfc062723c751e8b465ee728b)
Start importing Assets/SampleScenes/Menu/Sprites/MenuCornerTopRightSprite.png using Guid(2b592d40fd47980478920e3ed65b0985) Importer(815301076,1909f56bfc062723c751e8b465ee728b)  -> (artifact id: '1092a26488bd99b81f68f36eb711679f') in 0.027332 seconds 
  Import took 0.030097 seconds .

========================================================================
Received Import Request.
  Time since last request: 0.000197 seconds.
  path: Assets/Resources/BookResource/P6_check 1.jpg
  artifactKey: Guid(e7606d3c446735a4a80c155493b4fd7e) Importer(815301076,1909f56bfc062723c751e8b465ee728b)
Start importing Assets/Resources/BookResource/P6_check 1.jpg using Guid(e7606d3c446735a4a80c155493b4fd7e) Importer(815301076,1909f56bfc062723c751e8b465ee728b)  -> (artifact id: '8cb0ef76bcc71b1f17322a47d14d2c90') in 0.012150 seconds 
  Import took 0.014615 seconds .

========================================================================
Received Import Request.
  Time since last request: 0.000265 seconds.
  path: Assets/SampleScenes/Menu/Sprites/MenuCornerTopRightSprite.png
  artifactKey: Guid(2b592d40fd47980478920e3ed65b0985) Importer(815301076,1909f56bfc062723c751e8b465ee728b)
Start importing Assets/SampleScenes/Menu/Sprites/MenuCornerTopRightSprite.png using Guid(2b592d40fd47980478920e3ed65b0985) Importer(815301076,1909f56bfc062723c751e8b465ee728b)  -> (artifact id: '1092a26488bd99b81f68f36eb711679f') in 0.006764 seconds 
  Import took 0.009122 seconds .

========================================================================
Received Import Request.
  Time since last request: 0.000238 seconds.
  path: Assets/Resources/BookResource/P6_check.jpg
  artifactKey: Guid(aeb456e5be771e14fbe1a4913a1a085d) Importer(815301076,1909f56bfc062723c751e8b465ee728b)
Start importing Assets/Resources/BookResource/P6_check.jpg using Guid(aeb456e5be771e14fbe1a4913a1a085d) Importer(815301076,1909f56bfc062723c751e8b465ee728b)  -> (artifact id: '541c2e8c31483c1a56c7689472f1f54f') in 0.012363 seconds 
  Import took 0.014884 seconds .

========================================================================
Received Import Request.
  Time since last request: 0.000192 seconds.
  path: Assets/Resources/BookResource/noise2.png
  artifactKey: Guid(7166907d50111de4b86b5bb8cd4a5a78) Importer(815301076,1909f56bfc062723c751e8b465ee728b)
Start importing Assets/Resources/BookResource/noise2.png using Guid(7166907d50111de4b86b5bb8cd4a5a78) Importer(815301076,1909f56bfc062723c751e8b465ee728b)  -> (artifact id: '2906a694d50ce6d37b49eaca9de562fe') in 0.011248 seconds 
  Import took 0.013933 seconds .

========================================================================
Received Import Request.
  Time since last request: 1539.586624 seconds.
  path: Assets/Zombie/PantsALpha1.png
  artifactKey: Guid(99d05c1d2e2e2894b8e5b0c896fe9158) Importer(815301076,1909f56bfc062723c751e8b465ee728b)
Start importing Assets/Zombie/PantsALpha1.png using Guid(99d05c1d2e2e2894b8e5b0c896fe9158) Importer(815301076,1909f56bfc062723c751e8b465ee728b)  -> (artifact id: '1d4fb167bbef5d2d29f2258c9ddf4d7e') in 0.024501 seconds 
  Import took 0.028519 seconds .

========================================================================
Received Import Request.
  Time since last request: 0.000295 seconds.
  path: Assets/Standard Assets/2D/Sprites/RobotBoyDeathSprite.png
  artifactKey: Guid(f45a39483cf4f914a816af821c9262bb) Importer(815301076,1909f56bfc062723c751e8b465ee728b)
Start importing Assets/Standard Assets/2D/Sprites/RobotBoyDeathSprite.png using Guid(f45a39483cf4f914a816af821c9262bb) Importer(815301076,1909f56bfc062723c751e8b465ee728b)  -> (artifact id: '356c2c7a84ee427620e017f4956bf190') in 0.070901 seconds 
  Import took 0.073773 seconds .

========================================================================
Received Import Request.
  Time since last request: 0.000194 seconds.
  path: Assets/Standard Assets/2D/Sprites/RobotBoyJumpSprite.png
  artifactKey: Guid(9e1a2edf6149977479db158e4fbf9671) Importer(815301076,1909f56bfc062723c751e8b465ee728b)
Start importing Assets/Standard Assets/2D/Sprites/RobotBoyJumpSprite.png using Guid(9e1a2edf6149977479db158e4fbf9671) Importer(815301076,1909f56bfc062723c751e8b465ee728b)  -> (artifact id: '22a5140a566b39f209e8369bc10de447') in 0.067502 seconds 
  Import took 0.070309 seconds .

========================================================================
Received Import Request.
  Time since last request: 0.000201 seconds.
  path: Assets/Standard Assets/2D/Sprites/RobotBoyRollSprite.png
  artifactKey: Guid(fc67a9002ed4034419f91d0d85bd6b24) Importer(815301076,1909f56bfc062723c751e8b465ee728b)
Start importing Assets/Standard Assets/2D/Sprites/RobotBoyRollSprite.png using Guid(fc67a9002ed4034419f91d0d85bd6b24) Importer(815301076,1909f56bfc062723c751e8b465ee728b)  -> (artifact id: '13ae5e63d5f45d08813efb76691e85f3') in 0.055620 seconds 
  Import took 0.058153 seconds .

========================================================================
Received Import Request.
  Time since last request: 0.000139 seconds.
  path: Assets/Standard Assets/2D/Sprites/RobotBoyWalkSprite.png
  artifactKey: Guid(feda0c18015b3284cabbc0da85254f9a) Importer(815301076,1909f56bfc062723c751e8b465ee728b)
Start importing Assets/Standard Assets/2D/Sprites/RobotBoyWalkSprite.png using Guid(feda0c18015b3284cabbc0da85254f9a) Importer(815301076,1909f56bfc062723c751e8b465ee728b)  -> (artifact id: '4c3b0627c1899114a3ee8ca8cdf6a0bd') in 0.043161 seconds 
  Import took 0.045663 seconds .

========================================================================
Received Import Request.
  Time since last request: 0.000215 seconds.
  path: Assets/Standard Assets/2D/Sprites/RobotBoyIdleSprite.png
  artifactKey: Guid(8fb98a6035269e64a998f9b56828fc4f) Importer(815301076,1909f56bfc062723c751e8b465ee728b)
Start importing Assets/Standard Assets/2D/Sprites/RobotBoyIdleSprite.png using Guid(8fb98a6035269e64a998f9b56828fc4f) Importer(815301076,1909f56bfc062723c751e8b465ee728b)  -> (artifact id: 'd084e12126f98be409ba8b6225f48dd9') in 0.064187 seconds 
  Import took 0.066731 seconds .

========================================================================
Received Import Request.
  Time since last request: 0.000157 seconds.
  path: Assets/Standard Assets/2D/Sprites/RobotBoyCrouchSprite.png
  artifactKey: Guid(d40c191aa46654db7a426d6a1fa3aa30) Importer(815301076,1909f56bfc062723c751e8b465ee728b)
Start importing Assets/Standard Assets/2D/Sprites/RobotBoyCrouchSprite.png using Guid(d40c191aa46654db7a426d6a1fa3aa30) Importer(815301076,1909f56bfc062723c751e8b465ee728b)  -> (artifact id: '3900ecfe98b5f076e437f60a10d4aab7') in 0.050856 seconds 
  Import took 0.053323 seconds .

========================================================================
Received Import Request.
  Time since last request: 0.000200 seconds.
  path: Assets/Standard Assets/2D/Sprites/RobotBoyRunSprite.png
  artifactKey: Guid(803baf1ea73913f46b25e07d0a79df22) Importer(815301076,1909f56bfc062723c751e8b465ee728b)
Start importing Assets/Standard Assets/2D/Sprites/RobotBoyRunSprite.png using Guid(803baf1ea73913f46b25e07d0a79df22) Importer(815301076,1909f56bfc062723c751e8b465ee728b)  -> (artifact id: '32113a1f94ab25412ac52013d3720e1d') in 0.049026 seconds 
  Import took 0.051615 seconds .

========================================================================
Received Import Request.
  Time since last request: 0.000157 seconds.
  path: Assets/Standard Assets/2D/Sprites/RobotBoyCrouchSprite.png
  artifactKey: Guid(d40c191aa46654db7a426d6a1fa3aa30) Importer(815301076,1909f56bfc062723c751e8b465ee728b)
Start importing Assets/Standard Assets/2D/Sprites/RobotBoyCrouchSprite.png using Guid(d40c191aa46654db7a426d6a1fa3aa30) Importer(815301076,1909f56bfc062723c751e8b465ee728b)  -> (artifact id: '3900ecfe98b5f076e437f60a10d4aab7') in 0.052365 seconds 
  Import took 0.054792 seconds .

========================================================================
Received Import Request.
  Time since last request: 0.000143 seconds.
  path: Assets/Standard Assets/2D/Sprites/RobotBoyRunSprite.png
  artifactKey: Guid(803baf1ea73913f46b25e07d0a79df22) Importer(815301076,1909f56bfc062723c751e8b465ee728b)
Start importing Assets/Standard Assets/2D/Sprites/RobotBoyRunSprite.png using Guid(803baf1ea73913f46b25e07d0a79df22) Importer(815301076,1909f56bfc062723c751e8b465ee728b)  -> (artifact id: '32113a1f94ab25412ac52013d3720e1d') in 0.042603 seconds 
  Import took 0.045283 seconds .

========================================================================
Received Import Request.
  Time since last request: 19.161561 seconds.
  path: Assets/Male Peasant Pack Cute Series/Standard Assets Files/Textures/Tan Dark.psd
  artifactKey: Guid(933f1be8135958b46a6eff346dc82f6f) Importer(815301076,1909f56bfc062723c751e8b465ee728b)
Start importing Assets/Male Peasant Pack Cute Series/Standard Assets Files/Textures/Tan Dark.psd using Guid(933f1be8135958b46a6eff346dc82f6f) Importer(815301076,1909f56bfc062723c751e8b465ee728b)  -> (artifact id: '2b8e504a0cf9a4bf36d92bf110edeafb') in 0.012899 seconds 
  Import took 0.015856 seconds .

========================================================================
Received Import Request.
  Time since last request: 0.000206 seconds.
  path: Assets/Zombie/ZombieHQ_material4_Normal.png
  artifactKey: Guid(695a1ea4055ea724a9fe6f586b6f8b8f) Importer(815301076,1909f56bfc062723c751e8b465ee728b)
Start importing Assets/Zombie/ZombieHQ_material4_Normal.png using Guid(695a1ea4055ea724a9fe6f586b6f8b8f) Importer(815301076,1909f56bfc062723c751e8b465ee728b)  -> (artifact id: '5eedcb3a77529e449148e18bc6695366') in 0.013255 seconds 
  Import took 0.015896 seconds .

========================================================================
Received Import Request.
  Time since last request: 0.000254 seconds.
  path: Assets/Zombie/ZombieHQ_material2_Normal.png
  artifactKey: Guid(dc2f72bdfc98cd84aad52cfaa078767b) Importer(815301076,1909f56bfc062723c751e8b465ee728b)
Start importing Assets/Zombie/ZombieHQ_material2_Normal.png using Guid(dc2f72bdfc98cd84aad52cfaa078767b) Importer(815301076,1909f56bfc062723c751e8b465ee728b)  -> (artifact id: '67322bd34acd04aa755ace3c1456f616') in 0.013323 seconds 
  Import took 0.016452 seconds .

========================================================================
Received Import Request.
  Time since last request: 0.000150 seconds.
  path: Assets/Zombie/ZombieHQ_material4_Ambient.png
  artifactKey: Guid(c69d72f6d7d8ce441bf3c62474f67ee0) Importer(815301076,1909f56bfc062723c751e8b465ee728b)
Start importing Assets/Zombie/ZombieHQ_material4_Ambient.png using Guid(c69d72f6d7d8ce441bf3c62474f67ee0) Importer(815301076,1909f56bfc062723c751e8b465ee728b)  -> (artifact id: '94db78eceb7208aaa53338ce24a35f8f') in 0.014373 seconds 
  Import took 0.016708 seconds .

========================================================================
Received Import Request.
  Time since last request: 0.000135 seconds.
  path: Assets/Zombie/ZombieHQ_material5_SpecularSmoothness.png
  artifactKey: Guid(e402fb688ec666544a7ef9df891ecce3) Importer(815301076,1909f56bfc062723c751e8b465ee728b)
Start importing Assets/Zombie/ZombieHQ_material5_SpecularSmoothness.png using Guid(e402fb688ec666544a7ef9df891ecce3) Importer(815301076,1909f56bfc062723c751e8b465ee728b)  -> (artifact id: 'd697eb98a97445c1dce67ff622cbb2f9') in 0.011584 seconds 
  Import took 0.013931 seconds .

========================================================================
Received Import Request.
  Time since last request: 0.000178 seconds.
  path: Assets/Male Peasant Pack Cute Series/Standard Assets Files/Textures/Weapons and Props.psd
  artifactKey: Guid(acea781ff18af2440b81f63dbff32eb9) Importer(815301076,1909f56bfc062723c751e8b465ee728b)
Start importing Assets/Male Peasant Pack Cute Series/Standard Assets Files/Textures/Weapons and Props.psd using Guid(acea781ff18af2440b81f63dbff32eb9) Importer(815301076,1909f56bfc062723c751e8b465ee728b)  -> (artifact id: 'f26346355c4a6e96199e65dbd0692412') in 0.012892 seconds 
  Import took 0.015539 seconds .

========================================================================
Received Import Request.
  Time since last request: 0.000211 seconds.
  path: Assets/Zombie/ZombieHQ_material3_AlbedoTransparency.png
  artifactKey: Guid(0681959c5e335c04693f0b935262bd8b) Importer(815301076,1909f56bfc062723c751e8b465ee728b)
Start importing Assets/Zombie/ZombieHQ_material3_AlbedoTransparency.png using Guid(0681959c5e335c04693f0b935262bd8b) Importer(815301076,1909f56bfc062723c751e8b465ee728b)  -> (artifact id: '3c103d656d72557ba46c1db82295b660') in 0.012787 seconds 
  Import took 0.015596 seconds .

========================================================================
Received Import Request.
  Time since last request: 0.000193 seconds.
  path: Assets/Zombie/ZombieHQ_material3_Normal.png
  artifactKey: Guid(e0bf1fec1bff6014f974eb150ea88a9c) Importer(815301076,1909f56bfc062723c751e8b465ee728b)
Start importing Assets/Zombie/ZombieHQ_material3_Normal.png using Guid(e0bf1fec1bff6014f974eb150ea88a9c) Importer(815301076,1909f56bfc062723c751e8b465ee728b)  -> (artifact id: '14757324a267dd090eac16faeb9e6611') in 0.013613 seconds 
  Import took 0.016324 seconds .

========================================================================
Received Import Request.
  Time since last request: 0.000172 seconds.
  path: Assets/Zombie/ZombieHQ_material4_SpecularSmoothness.png
  artifactKey: Guid(93d91a99518976e46972d16af5434ebf) Importer(815301076,1909f56bfc062723c751e8b465ee728b)
Start importing Assets/Zombie/ZombieHQ_material4_SpecularSmoothness.png using Guid(93d91a99518976e46972d16af5434ebf) Importer(815301076,1909f56bfc062723c751e8b465ee728b)  -> (artifact id: '4698cffc88043d1442192ff85ace5d40') in 0.012599 seconds 
  Import took 0.015224 seconds .

========================================================================
Received Import Request.
  Time since last request: 0.000162 seconds.
  path: Assets/Zombie/ZombieHQ_material_SpecularSmoothness.png
  artifactKey: Guid(7606e79301f96b94283724c98af12b95) Importer(815301076,1909f56bfc062723c751e8b465ee728b)
Start importing Assets/Zombie/ZombieHQ_material_SpecularSmoothness.png using Guid(7606e79301f96b94283724c98af12b95) Importer(815301076,1909f56bfc062723c751e8b465ee728b)  -> (artifact id: '4907e1801e791fb6f0ca4db8ae4b9005') in 0.011959 seconds 
  Import took 0.014635 seconds .

========================================================================
Received Import Request.
  Time since last request: 0.000152 seconds.
  path: Assets/Zombie/ZombieHQ_material4_Albedo.png
  artifactKey: Guid(5f60206366258a44283d339cfc86fe36) Importer(815301076,1909f56bfc062723c751e8b465ee728b)
Start importing Assets/Zombie/ZombieHQ_material4_Albedo.png using Guid(5f60206366258a44283d339cfc86fe36) Importer(815301076,1909f56bfc062723c751e8b465ee728b)  -> (artifact id: 'cdf0e1beec9c61857465a61d2c808fbb') in 0.013525 seconds 
  Import took 0.016642 seconds .

========================================================================
Received Import Request.
  Time since last request: 0.000155 seconds.
  path: Assets/Zombie/ZombieHQ_material_AlbedoTransparency.png
  artifactKey: Guid(151ae436a1d801e4899d48bfb5a51b66) Importer(815301076,1909f56bfc062723c751e8b465ee728b)
Start importing Assets/Zombie/ZombieHQ_material_AlbedoTransparency.png using Guid(151ae436a1d801e4899d48bfb5a51b66) Importer(815301076,1909f56bfc062723c751e8b465ee728b)  -> (artifact id: '89bfaefa5fc01be495a55b2691e9ce46') in 0.012708 seconds 
  Import took 0.015278 seconds .

========================================================================
Received Import Request.
  Time since last request: 0.000145 seconds.
  path: Assets/Male Peasant Pack Cute Series/Standard Assets Files/Textures/Tan Fire.psd
  artifactKey: Guid(9c35a33aeb4d87346b439f5472d9493b) Importer(815301076,1909f56bfc062723c751e8b465ee728b)
Start importing Assets/Male Peasant Pack Cute Series/Standard Assets Files/Textures/Tan Fire.psd using Guid(9c35a33aeb4d87346b439f5472d9493b) Importer(815301076,1909f56bfc062723c751e8b465ee728b)  -> (artifact id: 'b3b23280356b879eb20ecdbc2fac6619') in 0.014874 seconds 
  Import took 0.017238 seconds .

========================================================================
Received Import Request.
  Time since last request: 0.000139 seconds.
  path: Assets/Zombie/ZombieHQ_material4_AlbedoTransparency.png
  artifactKey: Guid(128ba07b003881744906ecaf500ffda0) Importer(815301076,1909f56bfc062723c751e8b465ee728b)
Start importing Assets/Zombie/ZombieHQ_material4_AlbedoTransparency.png using Guid(128ba07b003881744906ecaf500ffda0) Importer(815301076,1909f56bfc062723c751e8b465ee728b)  -> (artifact id: 'aaaf75c6823a9f1ae8c3321aaa4cd087') in 0.014404 seconds 
  Import took 0.017031 seconds .

========================================================================
Received Import Request.
  Time since last request: 0.000205 seconds.
  path: Assets/Zombie/ZombieHQ_material5_AlbedoTransparency.png
  artifactKey: Guid(998b2830dc23b0a4ca3c2222f3189e5a) Importer(815301076,1909f56bfc062723c751e8b465ee728b)
Start importing Assets/Zombie/ZombieHQ_material5_AlbedoTransparency.png using Guid(998b2830dc23b0a4ca3c2222f3189e5a) Importer(815301076,1909f56bfc062723c751e8b465ee728b)  -> (artifact id: '7d6405ea7fa09513b1027bec2aacd6ff') in 0.012528 seconds 
  Import took 0.015191 seconds .

========================================================================
Received Import Request.
  Time since last request: 0.000169 seconds.
  path: Assets/Zombie/ZombieHQ_material3_SpecularSmoothness.png
  artifactKey: Guid(620a5d36ab23ed4469b5dd0130cc476b) Importer(815301076,1909f56bfc062723c751e8b465ee728b)
Start importing Assets/Zombie/ZombieHQ_material3_SpecularSmoothness.png using Guid(620a5d36ab23ed4469b5dd0130cc476b) Importer(815301076,1909f56bfc062723c751e8b465ee728b)  -> (artifact id: 'b36617b40756c9bbb849ff669b0ebc6f') in 0.012516 seconds 
  Import took 0.014932 seconds .

========================================================================
Received Import Request.
  Time since last request: 0.000158 seconds.
  path: Assets/Zombie/ZombieHQ_material1_Normal.png
  artifactKey: Guid(3c364b9e825bbdf4fae1af569d4625c9) Importer(815301076,1909f56bfc062723c751e8b465ee728b)
Start importing Assets/Zombie/ZombieHQ_material1_Normal.png using Guid(3c364b9e825bbdf4fae1af569d4625c9) Importer(815301076,1909f56bfc062723c751e8b465ee728b)  -> (artifact id: '8fce5884730b83fbef9e053caf85176d') in 0.013131 seconds 
  Import took 0.015986 seconds .

========================================================================
Received Import Request.
  Time since last request: 0.000218 seconds.
  path: Assets/Zombie/ZombieHQ_material2_AlbedoTransparency.png
  artifactKey: Guid(6e9609c6db0464d4a8bd422bf2fcfa67) Importer(815301076,1909f56bfc062723c751e8b465ee728b)
Start importing Assets/Zombie/ZombieHQ_material2_AlbedoTransparency.png using Guid(6e9609c6db0464d4a8bd422bf2fcfa67) Importer(815301076,1909f56bfc062723c751e8b465ee728b)  -> (artifact id: '06c45885bb35441da7a75d46a4eed12d') in 0.012948 seconds 
  Import took 0.015957 seconds .

========================================================================
Received Import Request.
  Time since last request: 0.000177 seconds.
  path: Assets/Zombie/ZombieHQ_material2_SpecularSmoothness.png
  artifactKey: Guid(e863a9f88e0d66340a36588dc183895c) Importer(815301076,1909f56bfc062723c751e8b465ee728b)
Start importing Assets/Zombie/ZombieHQ_material2_SpecularSmoothness.png using Guid(e863a9f88e0d66340a36588dc183895c) Importer(815301076,1909f56bfc062723c751e8b465ee728b)  -> (artifact id: 'e049f3e731996924899958ebb5b9e178') in 0.013464 seconds 
  Import took 0.015783 seconds .

========================================================================
Received Import Request.
  Time since last request: 0.000249 seconds.
  path: Assets/Zombie/ZombieHQ_material5_Ambient.png
  artifactKey: Guid(eb70aaf60ac05cc46bc17a6c29fa9c16) Importer(815301076,1909f56bfc062723c751e8b465ee728b)
Start importing Assets/Zombie/ZombieHQ_material5_Ambient.png using Guid(eb70aaf60ac05cc46bc17a6c29fa9c16) Importer(815301076,1909f56bfc062723c751e8b465ee728b)  -> (artifact id: '4ccca1a7b22503809008da922e10abea') in 0.014261 seconds 
  Import took 0.016579 seconds .

========================================================================
Received Import Request.
  Time since last request: 0.000239 seconds.
  path: Assets/Zombie/ZombieHQ_material3_Ambient.png
  artifactKey: Guid(db7bc194c1a8ce549bee814c383f4c9a) Importer(815301076,1909f56bfc062723c751e8b465ee728b)
Start importing Assets/Zombie/ZombieHQ_material3_Ambient.png using Guid(db7bc194c1a8ce549bee814c383f4c9a) Importer(815301076,1909f56bfc062723c751e8b465ee728b)  -> (artifact id: '5e27704d28888ce0ae4f709ae98915b3') in 0.015845 seconds 
  Import took 0.018076 seconds .

========================================================================
Received Import Request.
  Time since last request: 0.000191 seconds.
  path: Assets/Zombie/ZombieHQ_material5_Normal.png
  artifactKey: Guid(ebb0326825875774bb968bcb321a4450) Importer(815301076,1909f56bfc062723c751e8b465ee728b)
Start importing Assets/Zombie/ZombieHQ_material5_Normal.png using Guid(ebb0326825875774bb968bcb321a4450) Importer(815301076,1909f56bfc062723c751e8b465ee728b)  -> (artifact id: 'f02ddac5db2b5abeeaa416a9bc7dd680') in 0.014185 seconds 
  Import took 0.016455 seconds .

========================================================================
Received Import Request.
  Time since last request: 0.000209 seconds.
  path: Assets/Male Peasant Pack Cute Series/Standard Assets Files/Textures/Tan Nature.psd
  artifactKey: Guid(966b64cc8141bc64b800df1872e3ffa2) Importer(815301076,1909f56bfc062723c751e8b465ee728b)
Start importing Assets/Male Peasant Pack Cute Series/Standard Assets Files/Textures/Tan Nature.psd using Guid(966b64cc8141bc64b800df1872e3ffa2) Importer(815301076,1909f56bfc062723c751e8b465ee728b)  -> (artifact id: 'c2033a8bfc8bc61b691e4b3ddb798b91') in 0.013159 seconds 
  Import took 0.015790 seconds .

========================================================================
Received Import Request.
  Time since last request: 0.000218 seconds.
  path: Assets/Male Peasant Pack Cute Series/Standard Assets Files/Textures/Tan Dark.psd
  artifactKey: Guid(933f1be8135958b46a6eff346dc82f6f) Importer(815301076,1909f56bfc062723c751e8b465ee728b)
Start importing Assets/Male Peasant Pack Cute Series/Standard Assets Files/Textures/Tan Dark.psd using Guid(933f1be8135958b46a6eff346dc82f6f) Importer(815301076,1909f56bfc062723c751e8b465ee728b)  -> (artifact id: '2b8e504a0cf9a4bf36d92bf110edeafb') in 0.005197 seconds 
  Import took 0.007620 seconds .

========================================================================
Received Import Request.
  Time since last request: 0.000154 seconds.
  path: Assets/Zombie/ZombieHQ_material1_SpecularSmoothness.png
  artifactKey: Guid(7162887a63702284c8edbf5fb6453dc1) Importer(815301076,1909f56bfc062723c751e8b465ee728b)
Start importing Assets/Zombie/ZombieHQ_material1_SpecularSmoothness.png using Guid(7162887a63702284c8edbf5fb6453dc1) Importer(815301076,1909f56bfc062723c751e8b465ee728b)  -> (artifact id: '7f3749400d4bfb53b9fcf3ab63136a87') in 0.012448 seconds 
  Import took 0.015399 seconds .

========================================================================
Received Import Request.
  Time since last request: 0.000256 seconds.
  path: Assets/Zombie/ZombieHQ_material_Normal.png
  artifactKey: Guid(ea6af3ca700f73e4e889b63e1f03e2fd) Importer(815301076,1909f56bfc062723c751e8b465ee728b)
Start importing Assets/Zombie/ZombieHQ_material_Normal.png using Guid(ea6af3ca700f73e4e889b63e1f03e2fd) Importer(815301076,1909f56bfc062723c751e8b465ee728b)  -> (artifact id: '4f59789a998980653ab37cc1bcb4b39d') in 0.013724 seconds 
  Import took 0.016518 seconds .

========================================================================
Received Import Request.
  Time since last request: 0.000228 seconds.
  path: Assets/Zombie/ZombieHQ_material2_Ambient.png
  artifactKey: Guid(a758fcce7530d564b9a37bab98695a4f) Importer(815301076,1909f56bfc062723c751e8b465ee728b)
Start importing Assets/Zombie/ZombieHQ_material2_Ambient.png using Guid(a758fcce7530d564b9a37bab98695a4f) Importer(815301076,1909f56bfc062723c751e8b465ee728b)  -> (artifact id: '8b493bbcd94f3f5cb86abd030549ea26') in 0.013010 seconds 
  Import took 0.015717 seconds .

========================================================================
Received Import Request.
  Time since last request: 14.247116 seconds.
  path: Assets/Texture/Switch.png
  artifactKey: Guid(770e6836dadd7d848955557e66617229) Importer(815301076,1909f56bfc062723c751e8b465ee728b)
Start importing Assets/Texture/Switch.png using Guid(770e6836dadd7d848955557e66617229) Importer(815301076,1909f56bfc062723c751e8b465ee728b)  -> (artifact id: 'a82f4ca87c801a41ead88026a8dc7d23') in 0.021422 seconds 
  Import took 0.024647 seconds .

========================================================================
Received Import Request.
  Time since last request: 0.000178 seconds.
  path: Assets/Male Peasant Pack Cute Series/Standard Assets Files/Textures/Tan Aqua.psd
  artifactKey: Guid(d153864031d501344b6db5f6b5632751) Importer(815301076,1909f56bfc062723c751e8b465ee728b)
Start importing Assets/Male Peasant Pack Cute Series/Standard Assets Files/Textures/Tan Aqua.psd using Guid(d153864031d501344b6db5f6b5632751) Importer(815301076,1909f56bfc062723c751e8b465ee728b)  -> (artifact id: '605675394e6d0f246028f6f2d49210ef') in 0.014011 seconds 
  Import took 0.016903 seconds .

========================================================================
Received Import Request.
  Time since last request: 0.000137 seconds.
  path: Assets/Texture/Switch.png
  artifactKey: Guid(770e6836dadd7d848955557e66617229) Importer(815301076,1909f56bfc062723c751e8b465ee728b)
Start importing Assets/Texture/Switch.png using Guid(770e6836dadd7d848955557e66617229) Importer(815301076,1909f56bfc062723c751e8b465ee728b)  -> (artifact id: 'a82f4ca87c801a41ead88026a8dc7d23') in 0.021038 seconds 
  Import took 0.023457 seconds .

========================================================================
Received Import Request.
  Time since last request: 0.007445 seconds.
  path: Assets/Male Peasant Pack Cute Series/Standard Assets Files/Textures/Tan Aqua.psd
  artifactKey: Guid(d153864031d501344b6db5f6b5632751) Importer(815301076,1909f56bfc062723c751e8b465ee728b)
Start importing Assets/Male Peasant Pack Cute Series/Standard Assets Files/Textures/Tan Aqua.psd using Guid(d153864031d501344b6db5f6b5632751) Importer(815301076,1909f56bfc062723c751e8b465ee728b)  -> (artifact id: '605675394e6d0f246028f6f2d49210ef') in 0.005781 seconds 
  Import took 0.008187 seconds .

AssetImportWorkerClient::OnTransportError - code=2 error=End of file
